
*** Running vivado
    with args -log pong.vds -m64 -product Vivado -mode batch -messageDb vivado.pb -notrace -source pong.tcl



****** Vivado v2021.1 (64-bit)
  **** SW Build 3247384 on Thu Jun 10 19:36:33 MDT 2021
  **** IP Build 3246043 on Fri Jun 11 00:30:35 MDT 2021
    ** Copyright 1986-2021 Xilinx, Inc. All Rights Reserved.

source pong.tcl -notrace
Command: synth_design -top pong -part xc7a100tcsg324-1
Starting synth_design
Attempting to get a license for feature 'Synthesis' and/or device 'xc7a100t'
INFO: [Common 17-349] Got license for feature 'Synthesis' and/or device 'xc7a100t'
INFO: [Device 21-403] Loading part xc7a100tcsg324-1
INFO: [Synth 8-7079] Multithreading enabled for synth_design using a maximum of 2 processes.
INFO: [Synth 8-7078] Launching helper process for spawning children vivado processes
INFO: [Synth 8-7075] Helper process launched with PID 18640
---------------------------------------------------------------------------------
Starting RTL Elaboration : Time (s): cpu = 00:00:04 ; elapsed = 00:00:05 . Memory (MB): peak = 1127.605 ; gain = 0.000
---------------------------------------------------------------------------------
ERROR: [Synth 8-1031] btn0_1 is not declared [C:/Users/Matthew Jaworski/Documents/CPE-487-Final-Project/Modified/Modified.srcs/sources_1/new/pong.vhd:135]
WARNING: [Synth 8-1565] actual for formal port red_in is neither a static name nor a globally static expression [C:/Users/Matthew Jaworski/Documents/CPE-487-Final-Project/Modified/Modified.srcs/sources_1/new/pong.vhd:145]
WARNING: [Synth 8-1565] actual for formal port green_in is neither a static name nor a globally static expression [C:/Users/Matthew Jaworski/Documents/CPE-487-Final-Project/Modified/Modified.srcs/sources_1/new/pong.vhd:146]
WARNING: [Synth 8-1565] actual for formal port blue_in is neither a static name nor a globally static expression [C:/Users/Matthew Jaworski/Documents/CPE-487-Final-Project/Modified/Modified.srcs/sources_1/new/pong.vhd:147]
INFO: [Synth 8-2810] unit behavioral ignored due to previous errors [C:/Users/Matthew Jaworski/Documents/CPE-487-Final-Project/Modified/Modified.srcs/sources_1/new/pong.vhd:21]
---------------------------------------------------------------------------------
Finished RTL Elaboration : Time (s): cpu = 00:00:05 ; elapsed = 00:00:06 . Memory (MB): peak = 1127.605 ; gain = 0.000
---------------------------------------------------------------------------------
RTL Elaboration failed
INFO: [Common 17-83] Releasing license: Synthesis
7 Infos, 3 Warnings, 0 Critical Warnings and 2 Errors encountered.
synth_design failed
ERROR: [Common 17-69] Command failed: Synthesis failed - please see the console or run log file for details
INFO: [Common 17-206] Exiting Vivado at Thu Dec  9 13:20:42 2021...
